<?xml version="1.0" encoding="UTF-8"?>
<!-- Generated by org.testng.reporters.JUnitReportReporter -->
<testsuite skipped="0" hostname="Ceroshs-MBP-2" name="Org.Testing.TestCases.TC2" tests="1" failures="0" timestamp="2021-05-28T05:44:12 AEST" time="1.776" errors="0">
  <testcase name="TestcaseForPostRequest" time="1.776" classname="Org.Testing.TestCases.TC2"/>
  <system-out/>
</testsuite> <!-- Org.Testing.TestCases.TC2 -->
