<?xml version="1.0" encoding="UTF-8"?>
<!-- Generated by org.testng.reporters.JUnitReportReporter -->
<testsuite skipped="0" hostname="Ceroshs-MBP-2" name="Org.Testing.TestTrigger.Trigger" tests="4" failures="0" timestamp="2021-05-29T20:01:07 AEST" time="2.543" errors="0">
  <testcase name="ThePostRequest" time="2.396" classname="Org.Testing.TestTrigger.Trigger"/>
  <system-out/>
  <testcase name="TheGetRequest" time="0.066" classname="Org.Testing.TestTrigger.Trigger"/>
  <system-out/>
  <testcase name="ThePutRequest" time="0.037" classname="Org.Testing.TestTrigger.Trigger"/>
  <system-out/>
  <testcase name="TheDeleteRequest" time="0.044" classname="Org.Testing.TestTrigger.Trigger"/>
  <system-out/>
</testsuite> <!-- Org.Testing.TestTrigger.Trigger -->
