<?xml version="1.0" encoding="UTF-8"?>
<!-- Generated by org.testng.reporters.JUnitReportReporter -->
<testsuite skipped="0" hostname="Ceroshs-MBP-2" name="Org.Testing.TestCases.TC3" tests="1" failures="0" timestamp="2021-05-28T16:20:32 AEST" time="1.423" errors="0">
  <testcase name="TestCaseForDeletingUsers" time="1.423" classname="Org.Testing.TestCases.TC3"/>
  <system-out/>
</testsuite> <!-- Org.Testing.TestCases.TC3 -->
