<?xml version="1.0" encoding="UTF-8"?>
<!-- Generated by org.testng.reporters.JUnitReportReporter -->
<testsuite skipped="0" hostname="Ceroshs-MBP-2" name="Org.Testing.TestCases.TC1" tests="1" failures="0" timestamp="2021-05-27T21:21:53 AEST" time="3.253" errors="0">
  <testcase name="TestCaseForUsers" time="3.253" classname="Org.Testing.TestCases.TC1"/>
  <system-out/>
</testsuite> <!-- Org.Testing.TestCases.TC1 -->
